<?xml version="1.0" encoding="UTF-8"?>
<!-- Generated by org.testng.reporters.JUnitReportReporter -->
<testsuite hostname="LAPTOP-6POC6PNF" failures="0" tests="1" name="nursingSystem_Page_Tests.NursingSystem_Admision_Details_Test" time="8.693" errors="0" timestamp="2022-08-21T11:33:18 IST" skipped="0">
  <testcase classname="nursingSystem_Page_Tests.NursingSystem_Admision_Details_Test" name="admissionDetails" time="8.693"/>
  <system-out/>
</testsuite> <!-- nursingSystem_Page_Tests.NursingSystem_Admision_Details_Test -->
