<?xml version="1.0" encoding="UTF-8"?>
<!-- Generated by org.testng.reporters.JUnitReportReporter -->
<testsuite hostname="LAPTOP-6POC6PNF" failures="0" tests="34" name="nursingSystem_Page_Tests.Admision_Details_Test" time="925.223" errors="0" timestamp="2022-08-29T12:20:59 IST" skipped="0">
  <testcase classname="nursingSystem_Page_Tests.Admision_Details_Test" name="TC11" time="19.530"/>
  <system-out/>
  <testcase classname="nursingSystem_Page_Tests.Admision_Details_Test" name="TC12" time="31.944"/>
  <system-out/>
  <testcase classname="nursingSystem_Page_Tests.Admision_Details_Test" name="TC13" time="24.477"/>
  <system-out/>
  <testcase classname="nursingSystem_Page_Tests.Admision_Details_Test" name="TC14" time="29.184"/>
  <system-out/>
  <testcase classname="nursingSystem_Page_Tests.Admision_Details_Test" name="TC15" time="17.103"/>
  <system-out/>
  <testcase classname="nursingSystem_Page_Tests.Admision_Details_Test" name="TC16" time="19.409"/>
  <system-out/>
  <testcase classname="nursingSystem_Page_Tests.Admision_Details_Test" name="TC17" time="22.592"/>
  <system-out/>
  <testcase classname="nursingSystem_Page_Tests.Admision_Details_Test" name="TC18" time="25.269"/>
  <system-out/>
  <testcase classname="nursingSystem_Page_Tests.Admision_Details_Test" name="TC19" time="31.432"/>
  <system-out/>
  <testcase classname="nursingSystem_Page_Tests.Admision_Details_Test" name="TC20" time="27.575"/>
  <system-out/>
  <testcase classname="nursingSystem_Page_Tests.Admision_Details_Test" name="TC21" time="35.526"/>
  <system-out/>
  <testcase classname="nursingSystem_Page_Tests.Admision_Details_Test" name="TC22" time="25.384"/>
  <system-out/>
  <testcase classname="nursingSystem_Page_Tests.Admision_Details_Test" name="TC23" time="38.202"/>
  <system-out/>
  <testcase classname="nursingSystem_Page_Tests.Admision_Details_Test" name="TC24" time="30.658"/>
  <system-out/>
  <testcase classname="nursingSystem_Page_Tests.Admision_Details_Test" name="TC25" time="20.760"/>
  <system-out/>
  <testcase classname="nursingSystem_Page_Tests.Admision_Details_Test" name="TC26" time="23.350"/>
  <system-out/>
  <testcase classname="nursingSystem_Page_Tests.Admision_Details_Test" name="TC27" time="25.348"/>
  <system-out/>
  <testcase classname="nursingSystem_Page_Tests.Admision_Details_Test" name="TC28" time="41.404"/>
  <system-out/>
  <testcase classname="nursingSystem_Page_Tests.Admision_Details_Test" name="TC29" time="33.368"/>
  <system-out/>
  <testcase classname="nursingSystem_Page_Tests.Admision_Details_Test" name="TC230" time="17.253"/>
  <system-out/>
  <testcase classname="nursingSystem_Page_Tests.Admision_Details_Test" name="TC31" time="38.710"/>
  <system-out/>
  <testcase classname="nursingSystem_Page_Tests.Admision_Details_Test" name="TC32" time="23.848"/>
  <system-out/>
  <testcase classname="nursingSystem_Page_Tests.Admision_Details_Test" name="TC33" time="23.399"/>
  <system-out/>
  <testcase classname="nursingSystem_Page_Tests.Admision_Details_Test" name="TC234" time="27.333"/>
  <system-out/>
  <testcase classname="nursingSystem_Page_Tests.Admision_Details_Test" name="TC35" time="21.588"/>
  <system-out/>
  <testcase classname="nursingSystem_Page_Tests.Admision_Details_Test" name="TC36" time="39.013"/>
  <system-out/>
  <testcase classname="nursingSystem_Page_Tests.Admision_Details_Test" name="TC37" time="16.269"/>
  <system-out/>
  <testcase classname="nursingSystem_Page_Tests.Admision_Details_Test" name="TC38" time="47.404"/>
  <system-out/>
  <testcase classname="nursingSystem_Page_Tests.Admision_Details_Test" name="TC39" time="48.190"/>
  <system-out/>
  <testcase classname="nursingSystem_Page_Tests.Admision_Details_Test" name="TC40" time="23.584"/>
  <system-out/>
  <testcase classname="nursingSystem_Page_Tests.Admision_Details_Test" name="TC41" time="22.717"/>
  <system-out/>
  <testcase classname="nursingSystem_Page_Tests.Admision_Details_Test" name="TC42" time="18.989"/>
  <system-out/>
  <testcase classname="nursingSystem_Page_Tests.Admision_Details_Test" name="TC43" time="17.041"/>
  <system-out/>
  <testcase classname="nursingSystem_Page_Tests.Admision_Details_Test" name="TC44" time="17.370"/>
  <system-out/>
</testsuite> <!-- nursingSystem_Page_Tests.Admision_Details_Test -->
