<?xml version="1.0" encoding="UTF-8"?>
<!-- Generated by org.testng.reporters.JUnitReportReporter -->
<testsuite hostname="LAPTOP-6POC6PNF" failures="0" tests="41" name="nursingSystem_Page_Tests.Health_Details_Test" time="1345.911" errors="0" timestamp="2022-08-29T13:10:51 IST" skipped="0">
  <testcase classname="nursingSystem_Page_Tests.Health_Details_Test" name="TC10" time="27.175"/>
  <system-out/>
  <testcase classname="nursingSystem_Page_Tests.Health_Details_Test" name="TC11" time="26.405"/>
  <system-out/>
  <testcase classname="nursingSystem_Page_Tests.Health_Details_Test" name="TC12" time="31.794"/>
  <system-out/>
  <testcase classname="nursingSystem_Page_Tests.Health_Details_Test" name="TC13" time="37.177"/>
  <system-out/>
  <testcase classname="nursingSystem_Page_Tests.Health_Details_Test" name="TC14" time="31.556"/>
  <system-out/>
  <testcase classname="nursingSystem_Page_Tests.Health_Details_Test" name="TC15" time="28.849"/>
  <system-out/>
  <testcase classname="nursingSystem_Page_Tests.Health_Details_Test" name="TC16" time="32.777"/>
  <system-out/>
  <testcase classname="nursingSystem_Page_Tests.Health_Details_Test" name="TC17" time="27.580"/>
  <system-out/>
  <testcase classname="nursingSystem_Page_Tests.Health_Details_Test" name="TC18" time="30.289"/>
  <system-out/>
  <testcase classname="nursingSystem_Page_Tests.Health_Details_Test" name="TC19" time="36.134"/>
  <system-out/>
  <testcase classname="nursingSystem_Page_Tests.Health_Details_Test" name="TC20" time="34.218"/>
  <system-out/>
  <testcase classname="nursingSystem_Page_Tests.Health_Details_Test" name="TC21" time="33.616"/>
  <system-out/>
  <testcase classname="nursingSystem_Page_Tests.Health_Details_Test" name="TC22" time="36.303"/>
  <system-out/>
  <testcase classname="nursingSystem_Page_Tests.Health_Details_Test" name="TC23" time="35.708"/>
  <system-out/>
  <testcase classname="nursingSystem_Page_Tests.Health_Details_Test" name="TC24" time="34.078"/>
  <system-out/>
  <testcase classname="nursingSystem_Page_Tests.Health_Details_Test" name="TC25" time="31.913"/>
  <system-out/>
  <testcase classname="nursingSystem_Page_Tests.Health_Details_Test" name="TC26" time="36.732"/>
  <system-out/>
  <testcase classname="nursingSystem_Page_Tests.Health_Details_Test" name="TC27" time="33.409"/>
  <system-out/>
  <testcase classname="nursingSystem_Page_Tests.Health_Details_Test" name="TC28" time="34.044"/>
  <system-out/>
  <testcase classname="nursingSystem_Page_Tests.Health_Details_Test" name="TC29" time="30.171"/>
  <system-out/>
  <testcase classname="nursingSystem_Page_Tests.Health_Details_Test" name="TC30" time="31.182"/>
  <system-out/>
  <testcase classname="nursingSystem_Page_Tests.Health_Details_Test" name="TC31" time="33.797"/>
  <system-out/>
  <testcase classname="nursingSystem_Page_Tests.Health_Details_Test" name="TC33" time="32.023"/>
  <system-out/>
  <testcase classname="nursingSystem_Page_Tests.Health_Details_Test" name="TC32" time="34.169"/>
  <system-out/>
  <testcase classname="nursingSystem_Page_Tests.Health_Details_Test" name="TC34" time="35.969"/>
  <system-out/>
  <testcase classname="nursingSystem_Page_Tests.Health_Details_Test" name="TC35" time="32.005"/>
  <system-out/>
  <testcase classname="nursingSystem_Page_Tests.Health_Details_Test" name="TC36" time="32.362"/>
  <system-out/>
  <testcase classname="nursingSystem_Page_Tests.Health_Details_Test" name="TC37" time="34.413"/>
  <system-out/>
  <testcase classname="nursingSystem_Page_Tests.Health_Details_Test" name="TC38" time="16.673"/>
  <system-out/>
  <testcase classname="nursingSystem_Page_Tests.Health_Details_Test" name="TC39" time="33.155"/>
  <system-out/>
  <testcase classname="nursingSystem_Page_Tests.Health_Details_Test" name="TC40" time="36.158"/>
  <system-out/>
  <testcase classname="nursingSystem_Page_Tests.Health_Details_Test" name="TC41" time="33.656"/>
  <system-out/>
  <testcase classname="nursingSystem_Page_Tests.Health_Details_Test" name="TC42" time="23.724"/>
  <system-out/>
  <testcase classname="nursingSystem_Page_Tests.Health_Details_Test" name="TC43" time="39.461"/>
  <system-out/>
  <testcase classname="nursingSystem_Page_Tests.Health_Details_Test" name="TC44" time="34.742"/>
  <system-out/>
  <testcase classname="nursingSystem_Page_Tests.Health_Details_Test" name="TC45" time="38.136"/>
  <system-out/>
  <testcase classname="nursingSystem_Page_Tests.Health_Details_Test" name="TC46" time="38.124"/>
  <system-out/>
  <testcase classname="nursingSystem_Page_Tests.Health_Details_Test" name="TC47" time="30.999"/>
  <system-out/>
  <testcase classname="nursingSystem_Page_Tests.Health_Details_Test" name="TC48" time="36.109"/>
  <system-out/>
  <testcase classname="nursingSystem_Page_Tests.Health_Details_Test" name="TC50" time="35.508"/>
  <system-out/>
  <testcase classname="nursingSystem_Page_Tests.Health_Details_Test" name="TC52" time="33.618"/>
  <system-out/>
</testsuite> <!-- nursingSystem_Page_Tests.Health_Details_Test -->
