<?xml version="1.0" encoding="UTF-8"?>
<!-- Generated by org.testng.reporters.JUnitReportReporter -->
<testsuite hostname="LAPTOP-6POC6PNF" failures="0" tests="24" name="nursingSystem_Page_Tests.Contact_Test" time="788.013" errors="0" timestamp="2022-08-29T12:39:42 IST" skipped="0">
  <testcase classname="nursingSystem_Page_Tests.Contact_Test" name="TC1" time="11.398"/>
  <system-out/>
  <testcase classname="nursingSystem_Page_Tests.Contact_Test" name="TC2" time="34.896"/>
  <system-out/>
  <testcase classname="nursingSystem_Page_Tests.Contact_Test" name="TC3" time="10.667"/>
  <system-out/>
  <testcase classname="nursingSystem_Page_Tests.Contact_Test" name="TC4" time="28.151"/>
  <system-out/>
  <testcase classname="nursingSystem_Page_Tests.Contact_Test" name="TC5" time="11.060"/>
  <system-out/>
  <testcase classname="nursingSystem_Page_Tests.Contact_Test" name="TC6" time="72.825"/>
  <system-out/>
  <testcase classname="nursingSystem_Page_Tests.Contact_Test" name="TC7" time="44.767"/>
  <system-out/>
  <testcase classname="nursingSystem_Page_Tests.Contact_Test" name="TC8" time="36.317"/>
  <system-out/>
  <testcase classname="nursingSystem_Page_Tests.Contact_Test" name="TC9" time="35.330"/>
  <system-out/>
  <testcase classname="nursingSystem_Page_Tests.Contact_Test" name="TC10" time="22.790"/>
  <system-out/>
  <testcase classname="nursingSystem_Page_Tests.Contact_Test" name="TC11" time="23.622"/>
  <system-out/>
  <testcase classname="nursingSystem_Page_Tests.Contact_Test" name="TC12" time="21.709"/>
  <system-out/>
  <testcase classname="nursingSystem_Page_Tests.Contact_Test" name="TC13" time="29.155"/>
  <system-out/>
  <testcase classname="nursingSystem_Page_Tests.Contact_Test" name="TC14" time="30.176"/>
  <system-out/>
  <testcase classname="nursingSystem_Page_Tests.Contact_Test" name="TC15" time="47.218"/>
  <system-out/>
  <testcase classname="nursingSystem_Page_Tests.Contact_Test" name="TC16" time="24.581"/>
  <system-out/>
  <testcase classname="nursingSystem_Page_Tests.Contact_Test" name="TC17" time="26.348"/>
  <system-out/>
  <testcase classname="nursingSystem_Page_Tests.Contact_Test" name="TC18" time="27.081"/>
  <system-out/>
  <testcase classname="nursingSystem_Page_Tests.Contact_Test" name="TC19" time="35.394"/>
  <system-out/>
  <testcase classname="nursingSystem_Page_Tests.Contact_Test" name="TC20" time="45.812"/>
  <system-out/>
  <testcase classname="nursingSystem_Page_Tests.Contact_Test" name="TC21" time="44.082"/>
  <system-out/>
  <testcase classname="nursingSystem_Page_Tests.Contact_Test" name="TC22" time="41.739"/>
  <system-out/>
  <testcase classname="nursingSystem_Page_Tests.Contact_Test" name="TC23" time="40.728"/>
  <system-out/>
  <testcase classname="nursingSystem_Page_Tests.Contact_Test" name="TC24" time="42.167"/>
  <system-out/>
</testsuite> <!-- nursingSystem_Page_Tests.Contact_Test -->
