<?xml version="1.0" encoding="UTF-8"?>
<!-- Generated by org.testng.reporters.JUnitReportReporter -->
<testsuite hostname="LAPTOP-6POC6PNF" failures="0" tests="1" name="nursingSystem_Page_Tests.NursingSystem_PageOne_Test" time="50.968" errors="0" timestamp="2022-08-28T23:16:43 IST" skipped="0">
  <testcase classname="nursingSystem_Page_Tests.NursingSystem_PageOne_Test" name="loginPage" time="50.968"/>
  <system-out/>
</testsuite> <!-- nursingSystem_Page_Tests.NursingSystem_PageOne_Test -->
