<?xml version="1.0" encoding="UTF-8"?>
<!-- Generated by org.testng.reporters.JUnitReportReporter -->
<testsuite hostname="LAPTOP-6POC6PNF" failures="0" tests="26" name="nursingSystem_Page_Tests.Personal_Details_Test" time="548.016" errors="0" timestamp="2022-08-29T14:13:19 IST" skipped="0">
  <testcase classname="nursingSystem_Page_Tests.Personal_Details_Test" name="TC1" time="7.127"/>
  <system-out/>
  <testcase classname="nursingSystem_Page_Tests.Personal_Details_Test" name="TC2" time="23.616"/>
  <system-out/>
  <testcase classname="nursingSystem_Page_Tests.Personal_Details_Test" name="TC3" time="24.942"/>
  <system-out/>
  <testcase classname="nursingSystem_Page_Tests.Personal_Details_Test" name="TC4" time="6.646"/>
  <system-out/>
  <testcase classname="nursingSystem_Page_Tests.Personal_Details_Test" name="TC5" time="29.062"/>
  <system-out/>
  <testcase classname="nursingSystem_Page_Tests.Personal_Details_Test" name="TC6" time="7.394"/>
  <system-out/>
  <testcase classname="nursingSystem_Page_Tests.Personal_Details_Test" name="TC7" time="41.938"/>
  <system-out/>
  <testcase classname="nursingSystem_Page_Tests.Personal_Details_Test" name="TC8" time="8.837"/>
  <system-out/>
  <testcase classname="nursingSystem_Page_Tests.Personal_Details_Test" name="TC9" time="72.383"/>
  <system-out/>
  <testcase classname="nursingSystem_Page_Tests.Personal_Details_Test" name="TC10" time="5.694"/>
  <system-out/>
  <testcase classname="nursingSystem_Page_Tests.Personal_Details_Test" name="TC11" time="6.225"/>
  <system-out/>
  <testcase classname="nursingSystem_Page_Tests.Personal_Details_Test" name="TC12" time="15.134"/>
  <system-out/>
  <testcase classname="nursingSystem_Page_Tests.Personal_Details_Test" name="TC13" time="7.847"/>
  <system-out/>
  <testcase classname="nursingSystem_Page_Tests.Personal_Details_Test" name="TC24" time="24.929"/>
  <system-out/>
  <testcase classname="nursingSystem_Page_Tests.Personal_Details_Test" name="TC25" time="14.822"/>
  <system-out/>
  <testcase classname="nursingSystem_Page_Tests.Personal_Details_Test" name="TC26" time="6.754"/>
  <system-out/>
  <testcase classname="nursingSystem_Page_Tests.Personal_Details_Test" name="TC27" time="27.667"/>
  <system-out/>
  <testcase classname="nursingSystem_Page_Tests.Personal_Details_Test" name="TC28" time="16.388"/>
  <system-out/>
  <testcase classname="nursingSystem_Page_Tests.Personal_Details_Test" name="TC30" time="14.799"/>
  <system-out/>
  <testcase classname="nursingSystem_Page_Tests.Personal_Details_Test" name="TC31" time="39.634"/>
  <system-out/>
  <testcase classname="nursingSystem_Page_Tests.Personal_Details_Test" name="TC32" time="7.915"/>
  <system-out/>
  <testcase classname="nursingSystem_Page_Tests.Personal_Details_Test" name="TC33" time="38.125"/>
  <system-out/>
  <testcase classname="nursingSystem_Page_Tests.Personal_Details_Test" name="TC34" time="47.457"/>
  <system-out/>
  <testcase classname="nursingSystem_Page_Tests.Personal_Details_Test" name="TC35" time="38.687"/>
  <system-out/>
  <testcase classname="nursingSystem_Page_Tests.Personal_Details_Test" name="TC36" time="6.942"/>
  <system-out/>
  <testcase classname="nursingSystem_Page_Tests.Personal_Details_Test" name="TC37" time="7.052"/>
  <system-out/>
</testsuite> <!-- nursingSystem_Page_Tests.Personal_Details_Test -->
